commit 3a56b0c22451fa57d38697a02dd3de8a95e3fdaf
Author: Juan Hinojosa <juanfhinojosa@utexas.com>
Date:   Fri Sep 26 12:58:42 2014 -0500

    First tests

commit 6c08919a7792e5f314b40857dc910867211e88ba
Merge: 0016acd a22585b
Author: Juan Hinojosa <juanfhinojosa@utexas.com>
Date:   Thu Sep 25 20:11:38 2014 -0500

    Merge branch 'master' of https://github.com/juanfhinojosa/cs313e-netflix

commit 0016acd09d8d9d237e3e10d1e58e3bf877090aba
Author: Juan Hinojosa <juanfhinojosa@utexas.com>
Date:   Thu Sep 25 20:11:12 2014 -0500

    Final

commit a22585b4b8b5a13fddee2601024374ae39552c24
Author: juanfhinojosa <juanfhinojosa@gmail.com>
Date:   Thu Sep 25 20:10:30 2014 -0500

    Delete test_input.py

commit 210630a7c908184d6e1b6bc33e5a9b52d359a22c
Author: juanfhinojosa <juanfhinojosa@gmail.com>
Date:   Thu Sep 25 20:10:22 2014 -0500

    Delete cache.txt

commit 24155f686cb83954b0ff4477775ecef9b4a221be
Author: Juan Hinojosa <juanfhinojosa@utexas.com>
Date:   Thu Sep 25 20:09:50 2014 -0500

    Output

commit d3ad923d932b7b26223646827eb02330d75db538
Author: Juan Hinojosa <juanfhinojosa@utexas.com>
Date:   Thu Sep 25 20:08:59 2014 -0500

    Input

commit cd710c8b9b0766e9d02ce3188bf5c742fc10f089
Author: Juan Hinojosa <juanfhinojosa@utexas.com>
Date:   Thu Sep 25 20:06:13 2014 -0500

    Log

commit 1e3d6d71efc18f0f7dd2e861ab21638edc55a26b
Author: Juan Hinojosa <juanfhinojosa@utexas.com>
Date:   Thu Sep 25 20:05:49 2014 -0500

    Pydoc

commit f3a424e6bd0a614755420f272e3d03116cec5720
Author: Juan Hinojosa <juanfhinojosa@utexas.com>
Date:   Thu Sep 25 19:47:31 2014 -0500

    Final

commit 13135e0a0cfc8e85d3959e08a2a10ef234f9630a
Author: Juan Hinojosa <juanfhinojosa@utexas.com>
Date:   Thu Sep 25 18:14:40 2014 -0500

    Final

commit 93f4bf22f06e70dace57d4b3ded62bac608a04b2
Author: Juan Hinojosa <juanfhinojosa@utexas.com>
Date:   Thu Sep 25 18:13:29 2014 -0500

    got in time and RMSE under 1

commit 785aba8612c76381633d2f1f4f351f0faef671cd
Author: Juan Hinojosa <juanfhinojosa@utexas.com>
Date:   Thu Sep 25 11:22:05 2014 -0500

    Adjusted to meet requirements

commit d58f50b2c6a5692d76c03847177cabf5791db442
Author: Juan Hinojosa <juanfhinojosa@utexas.com>
Date:   Thu Sep 25 01:36:10 2014 -0500

    Full Probe

commit d07d7c6bb5006aff32bcf12723a88e24f9747238
Author: Juan Hinojosa <juanfhinojosa@utexas.com>
Date:   Thu Sep 25 01:35:22 2014 -0500

    Latest Run

commit bc7e2a0e9b0aa9cfca9c2549f81b28db56920fe2
Author: Juan Hinojosa <juanfhinojosa@utexas.com>
Date:   Wed Sep 24 23:34:53 2014 -0500

    Made changes to run std in and out and comput RMSE

commit 3509e66e3da5a1b5bf624029b28dc560c4b42c43
Author: Juan Hinojosa <juanfhinojosa@utexas.com>
Date:   Wed Sep 24 14:43:44 2014 -0500

    Still running slow

commit ac23ac1636b98c268645bf7c50c5e6a79797c789
Merge: 4ebcb5d 66bed2e
Author: Juan Hinojosa <juanfhinojosa@utexas.com>
Date:   Wed Sep 24 13:59:44 2014 -0500

    Merge branch 'master' of https://github.com/juanfhinojosa/cs313e-netflix

commit 4ebcb5df35fbba1827b7e7cf97f4c713a0d4fd87
Author: Juan Hinojosa <juanfhinojosa@utexas.com>
Date:   Wed Sep 24 13:59:17 2014 -0500

    Third Run

commit 66bed2e0ec7cb86e1bf02045c00e60896ae696a9
Author: juanfhinojosa <juanfhinojosa@gmail.com>
Date:   Wed Sep 24 13:44:33 2014 -0500

    Delete Netflix2.py

commit 5a353f933d8587528fdcf3965c345ccfafa065d7
Author: Juan Hinojosa <juanfhinojosa@utexas.com>
Date:   Wed Sep 24 13:41:04 2014 -0500

    Second Run

commit bc53832e2112c25e2b37b06d00c7ddd125ebf10f
Author: juanfhinojosa <juanfhinojosa@gmail.com>
Date:   Wed Sep 24 13:37:49 2014 -0500

    Update Run.Netflix.out.txt

commit 807ea2561d7e73e27b970520cde5e242ea99783d
Author: Juan Hinojosa <juanfhinojosa@utexas.com>
Date:   Wed Sep 24 13:36:51 2014 -0500

    First Run

commit 4f443f284cfacae334df29d197e6f0af11b7ee5d
Author: Juan Hinojosa <juanfhinojosa@utexas.com>
Date:   Wed Sep 24 12:21:40 2014 -0500

    Adjusted in and out

commit 014a28db926aef107dbc11cc1614c1f400ab006e
Author: Juan Hinojosa <juanfhinojosa@utexas.com>
Date:   Tue Sep 23 22:24:40 2014 -0500

    Fixed last bugs

commit dc6bd7ca6fcbc68b69d1a34599762df4fc590e66
Author: juanfhinojosa <juanfhinojosa@gmail.com>
Date:   Tue Sep 23 20:50:43 2014 -0500

    Rename jfh793-Netflix.py to Netflix.py

commit 34f7ed48bd78be41d3368af9aba9b815885581f8
Author: juanfhinojosa <juanfhinojosa@gmail.com>
Date:   Tue Sep 23 20:50:26 2014 -0500

    Rename Netflix.py to Netflix2.py

commit 8f324317bb12b01d6627567ed7fdc9e40bc99337
Author: Juan Hinojosa <juanfhinojosa@utexas.com>
Date:   Tue Sep 23 20:48:35 2014 -0500

    changes and additions to functions

commit 36573420405b71fa21247ae05abba7b95e1454bc
Author: Juan Hinojosa <juanfhinojosa@utexas.com>
Date:   Tue Sep 23 20:47:30 2014 -0500

    First

commit f63660aeb8c03f7a5ac91046d3bab21ae2175b19
Author: Juan Hinojosa <juanfhinojosa@utexas.com>
Date:   Tue Sep 23 14:59:24 2014 -0500

    Fixed Probe cache

commit 883158291d300576c0af8a91378f44530a715138
Author: Juan Hinojosa <juanfhinojosa@utexas.com>
Date:   Tue Sep 23 13:47:10 2014 -0500

    Adjusted Probe function

commit 18d0f49b153fe123bdcbcc91dc7666e544eafa2e
Author: Juan Hinojosa <juanfhinojosa@utexas.com>
Date:   Tue Sep 23 12:44:14 2014 -0500

    Now in the prediction making business

commit 5a609e3bf9297a3db909f14f018f966606ab3a69
Author: Juan Hinojosa <juanfhinojosa@utexas.com>
Date:   Tue Sep 23 12:07:14 2014 -0500

    Still need to fix global variable issue

commit a79c9d08d55344bf7b21acd03e4bdfc855fa51fc
Author: Juan Hinojosa <juanfhinojosa@utexas.com>
Date:   Tue Sep 23 01:12:01 2014 -0500

    Added cust and mov differences

commit 5b57971a1cf910db748b5b8081922b99e2f297fe
Merge: 4585932 31d2efb
Author: Juan Hinojosa <juanfhinojosa@utexas.com>
Date:   Mon Sep 22 23:16:44 2014 -0500

    Merge branch 'master' of https://github.com/juanfhinojosa/cs313e-netflix

commit 4585932e255d2796acaa264c2bb2b91f2b9e4b4f
Author: Juan Hinojosa <juanfhinojosa@utexas.com>
Date:   Mon Sep 22 23:15:08 2014 -0500

    First Upload

commit 31d2efb2d4c56ee95151cbdcb7cbd3094f70af74
Author: Juan Hinojosa <juanfhinojosa@utexas.edu>
Date:   Sat Sep 20 18:46:03 2014 -0500

    reduced number of lines within program

commit cb97210fe105382db6c264a0ea69655fac6fa5a0
Author: Juan Hinojosa <juanfhinojosa@utexas.com>
Date:   Thu Sep 18 11:43:31 2014 -0500

    Adjusted to print cache  dic into file

commit 284df4e57c78b4cc9463d379a59d5c03c3c04802
Author: Juan Hinojosa <juanfhinojosa@utexas.com>
Date:   Wed Sep 17 23:34:46 2014 -0500

    created cache file

commit bef85ecd2717e2d8438717b683b294e1bbb8bb6e
Author: Eduardo Rios Jr <eddier_117@utexas.edu>
Date:   Wed Sep 17 23:02:34 2014 -0500

    another fixed bug

commit a945d1375d7008245b21c3bc596977ade9ac94dd
Author: Eduardo Rios Jr <eddier_117@utexas.edu>
Date:   Wed Sep 17 22:55:40 2014 -0500

    another fixed bug

commit 6b0afe49f4c85c061378415cee99eecc501636a8
Author: Eduardo Rios Jr <eddier_117@utexas.edu>
Date:   Wed Sep 17 22:53:01 2014 -0500

    another fixed bug

commit 4303bdae6600461268f674895ba0c90abc2a6548
Author: Eduardo Rios Jr <eddier_117@utexas.edu>
Date:   Wed Sep 17 22:51:35 2014 -0500

    another fixed bug

commit 908189529c967989231bdbb4a37387e41681f925
Author: Eduardo Rios Jr <eddier_117@utexas.edu>
Date:   Wed Sep 17 22:50:24 2014 -0500

    fixed bug

commit 8cf370a38479086ae305bdea3db23445818f5dcf
Author: Eduardo Rios Jr <eddier_117@utexas.edu>
Date:   Wed Sep 17 22:47:22 2014 -0500

    cache for movieid

commit 14eb898fd052c3f4c7b7687065b98d4f4dbc7d04
Author: Juan Hinojosa <juanfhinojosa@utexas.com>
Date:   Wed Sep 17 22:23:36 2014 -0500

    First Commit

commit a9d3a5b01ac79486321a132f178b06c65b0a59fd
Author: Eduardo Rios Jr <eddier_117@utexas.edu>
Date:   Wed Sep 17 17:07:02 2014 -0500

    Update Netflix.py
    
    Fixed assert bug

commit b27572ed337d7664ddc3a0c2f5c1d92396bbfacd
Author: Juan Hinojosa <juanfhinojosa@utexas.com>
Date:   Wed Sep 17 14:41:42 2014 -0500

    Minor changes and added assertion

commit e6ae75ec92fb13c47da0ecefd656f0075c3f0661
Author: Juan Hinojosa <juanfhinojosa@utexas.com>
Date:   Wed Sep 17 12:15:24 2014 -0500

    Minor changes and added assertion

commit 2f7f05e9c0252520c21fa0c13ce780291aaa5934
Author: Eduardo Rios Jr <eddier_117@utexas.edu>
Date:   Tue Sep 16 23:45:06 2014 -0500

    completed a working RMSE function

commit 9f15de83c571985057dce644b55166f73dea0d21
Author: Eduardo Rios Jr <eddier_117@utexas.edu>
Date:   Tue Sep 16 22:59:58 2014 -0500

    starting to write code for RMSE

commit 95e8950fb333f33a3d0c9538dca84f6731bc707d
Author: Eduardo Rios Jr <eddier_117@utexas.edu>
Date:   Tue Sep 16 22:42:45 2014 -0500

    first commit

commit cd6e7fa7290f3d12343292ffd80c499d2687c2db
Author: Juan Hinojosa <juanfhinojosa@utexas.com>
Date:   Tue Sep 16 22:09:52 2014 -0500

    Done Testing

commit 7801a669c0b5308b1a24e2363a5b4a284b7d6b74
Merge: e47f50e 0b77274
Author: Juan Hinojosa <juanfhinojosa@utexas.com>
Date:   Tue Sep 16 22:08:04 2014 -0500

    testing ssh

commit e47f50e6f642cbd146c6677424eb574165cfe073
Author: Juan Hinojosa <juanfhinojosa@utexas.com>
Date:   Tue Sep 16 22:05:59 2014 -0500

    testing ssh

commit 0b77274d993c0d03022217fa409ee571c7cc2012
Author: Juan Hinojosa <juanfhinojosa@utexas.edu>
Date:   Tue Sep 16 11:09:47 2014 -0500

    Done Testing

commit af898e9ab90bf8614ea7e4c7aaf805ca617474e0
Author: Juan Hinojosa <juanfhinojosa@utexas.edu>
Date:   Tue Sep 16 11:08:54 2014 -0500

    Testing diff machine

commit aae93990cb90435f1440c5f4a6c588425daa92af
Author: Juan Hinojosa <juanfhinojosa@utexas.edu>
Date:   Mon Sep 15 21:02:32 2014 -0500

    Done Testing

commit da64d574e14d5c7b7ab8a0fa27ed0b11e8c9f8ef
Author: Juan Hinojosa <juanfhinojosa@utexas.edu>
Date:   Mon Sep 15 21:01:44 2014 -0500

    Testing Commit

commit f0dfeafb88954399ac44cce5fd57bdd3a66779b6
Author: Juan Hinojosa <juanfhinojosa@utexas.com>
Date:   Mon Sep 15 17:42:59 2014 -0500

    Done Testing

commit 1feeb00233b31fdc2d7b727672bb7565adda5025
Author: Juan Hinojosa <juanfhinojosa@utexas.com>
Date:   Mon Sep 15 17:41:43 2014 -0500

    Testing

commit cc27928d97b1c1aa25252f9fb553d930dc22cbfc
Author: Juan Hinojosa <juanfhinojosa@utexas.com>
Date:   Mon Sep 15 16:52:32 2014 -0500

    Done testing push

commit 7f35a1631a5f36884c03e03253478deb49968b91
Author: Juan Hinojosa <juanfhinojosa@utexas.com>
Date:   Mon Sep 15 16:51:36 2014 -0500

    Testing Push

commit f31b5441e993caeca01de3a6cc385e71ab4af89a
Author: juanfhinojosa <juanfhinojosa@gmail.com>
Date:   Mon Sep 15 13:31:51 2014 -0500

    Initial commit
